<?xml version="1.0" encoding="UTF-8"?>
<testng-results skipped="0" failed="0" total="1" passed="1">
  <reporter-output>
    <line>
      <![CDATA[Status code is:200]]>
    </line>
    <line>
      <![CDATA[Time is3285]]>
    </line>
  </reporter-output>
  <suite name="Default suite" duration-ms="6650" started-at="2020-09-20T12:17:29Z" finished-at="2020-09-20T12:17:36Z">
    <groups>
    </groups>
    <test name="Default test" duration-ms="6650" started-at="2020-09-20T12:17:29Z" finished-at="2020-09-20T12:17:36Z">
      <class name="com.api.testScript.FetchAllCountry">
        <test-method status="PASS" signature="config()[pri:0, instance:com.api.testScript.FetchAllCountry@4667ae56]" name="config" is-config="true" duration-ms="53" started-at="2020-09-20T17:47:29Z" finished-at="2020-09-20T17:47:29Z">
          <reporter-output>
          </reporter-output>
        </test-method> <!-- config -->
        <test-method status="PASS" signature="getCountryDetails()[pri:0, instance:com.api.testScript.FetchAllCountry@4667ae56]" name="getCountryDetails" duration-ms="6552" started-at="2020-09-20T17:47:29Z" finished-at="2020-09-20T17:47:36Z">
          <reporter-output>
            <line>
              <![CDATA[Status code is:200]]>
            </line>
            <line>
              <![CDATA[Time is3285]]>
            </line>
          </reporter-output>
        </test-method> <!-- getCountryDetails -->
      </class> <!-- com.api.testScript.FetchAllCountry -->
    </test> <!-- Default test -->
  </suite> <!-- Default suite -->
</testng-results>
